20240101 수집완료
20240102 수집완료
20240103 수집완료
20240104 수집완료
20240105 수집완료
20240106 수집완료
20240107 수집완료
20240108 수집완료
20240109 수집완료
20240110 수집완료
20240111 수집완료
20240112 수집완료
20240113 수집완료
20240114 수집완료
20240115 수집완료
20240116 수집완료
20240117 수집완료
20240118 수집완료
20240119 수집완료
20240120 수집완료
20240121 수집완료
20240122 수집완료
20240123 수집완료
20240124 수집완료
20240125 수집완료
20240126 수집완료
20240127 수집완료
20240128 수집완료
20240129 수집완료
20240130 수집완료
20240131 수집완료
20240201 수집완료
20240202 수집완료
20240203 수집완료
20240204 수집완료
20240205 수집완료
20240206 수집완료
20240207 수집완료
20240208 수집완료
20240209 수집완료
20240210 수집완료
20240211 수집완료
20240212 수집완료
20240213 수집완료
20240214 수집완료
20240215 수집완료
20240216 수집완료
20240217 수집완료
20240218 수집완료
20240219 수집완료
20240220 수집완료
20240221 수집완료
20240222 수집완료
20240223 수집완료
20240224 수집완료
20240225 수집완료
20240226 수집완료
20240227 수집완료
20240228 수집완료
20240229 수집완료
20240301 수집완료
20240302 수집완료
20240303 수집완료
20240304 수집완료
20240305 수집완료
20240306 수집완료
20240307 수집완료
20240308 수집완료
20240309 수집완료
20240310 수집완료
20240311 수집완료
20240312 수집완료
20240313 수집완료
20240314 수집완료
20240315 수집완료
20240316 수집완료
20240317 수집완료
20240318 수집완료
20240319 수집완료
20240320 수집완료
20240321 수집완료
20240322 수집완료
20240323 수집완료
20240324 수집완료
20240325 수집완료
20240326 수집완료
20240327 수집완료
20240328 수집완료
20240329 수집완료
20240330 수집완료
20240331 수집완료
20240401 수집완료
20240402 수집완료
20240403 수집완료
20240404 수집완료
20240405 수집완료
20240406 수집완료
20240407 수집완료
20240408 수집완료
20240409 수집완료
20240410 수집완료
20240411 수집완료
20240412 수집완료
20240413 수집완료
20240414 수집완료
20240415 수집완료
20240416 수집완료
20240417 수집완료
20240418 수집완료
20240419 수집완료
20240420 수집완료
20240421 수집완료
20240422 수집완료
20240423 수집완료
20240424 수집완료
20240425 수집완료
20240426 수집완료
20240427 수집완료
20240428 수집완료
20240429 수집완료
20240430 수집완료
20240501 수집완료
20240502 수집완료
20240503 수집완료
20240504 수집완료
20240505 수집완료
20240506 수집완료
20240507 수집완료
20240508 수집완료
20240509 수집완료
20240510 수집완료
20240511 수집완료
20240512 수집완료
20240513 수집완료
20240514 수집완료
20240515 수집완료
20240516 수집완료
20240517 수집완료
20240518 수집완료
20240519 수집완료
20240520 수집완료
20240521 수집완료
20240522 수집완료
20240523 수집완료
20240524 수집완료
20240525 수집완료
20240526 수집완료
20240527 수집완료
20240528 수집완료
20240529 수집완료
20240530 수집완료
20240531 수집완료
20240601 수집완료
20240602 수집완료
20240603 수집완료
20240604 수집완료
20240605 수집완료
20240606 수집완료
20240607 수집완료
20240608 수집완료
20240609 수집완료
20240610 수집완료
20240611 수집완료
20240612 수집완료
20240613 수집완료
20240614 수집완료
20240615 수집완료
20240616 수집완료
20240617 수집완료
20240618 수집완료
20240619 수집완료
20240620 수집완료
20240621 수집완료
20240622 수집완료
20240623 수집완료
20240624 수집완료
20240625 수집완료
20240626 수집완료
20240627 수집완료
20240628 수집완료
20240629 수집완료
20240630 수집완료
20240701 수집완료
20240702 수집완료
20240703 수집완료
20240704 수집완료
20240705 수집완료
20240706 수집완료
20240707 수집완료
20240708 수집완료
20240709 수집완료
20240710 수집완료
20240711 수집완료
20240712 수집완료
20240713 수집완료
20240714 수집완료
20240715 수집완료
20240716 수집완료
20240717 수집완료
20240718 수집완료
20240719 수집완료
20240720 수집완료
20240721 수집완료
20240722 수집완료
20240723 수집완료
20240724 수집완료
20240725 수집완료
20240726 수집완료
20240727 수집완료
20240728 수집완료
20240729 수집완료
20240730 수집완료
20240731 수집완료
20240801 수집완료
20240802 수집완료
20240803 수집완료
20240804 수집완료
20240805 수집완료
20240806 수집완료
20240807 수집완료
20240808 수집완료
20240809 수집완료
20240810 수집완료
20240811 수집완료
20240812 수집완료
20240813 수집완료
20240814 수집완료
20240815 수집완료
20240816 수집완료
20240817 수집완료
20240818 수집완료
20240819 수집완료
20240820 수집완료
20240821 수집완료
20240822 수집완료
20240823 수집완료
20240824 수집완료
20240825 수집완료
20240826 수집완료
20240827 수집완료
20240828 수집완료
20240829 수집완료
20240830 수집완료
20240831 수집완료
20240901 수집완료
20240902 수집완료
20240903 수집완료
20240904 수집완료
20240905 수집완료
20240906 수집완료
20240907 수집완료
20240908 수집완료
20240909 수집완료
20240910 수집완료
20240911 수집완료
20240912 수집완료
20240913 수집완료
20240914 수집완료
20240915 수집완료
20240916 수집완료
20240917 수집완료
20240918 수집완료
20240919 수집완료
20240920 수집완료
20240921 수집완료
20240922 수집완료
20240923 수집완료
20240924 수집완료
20240925 수집완료
20240926 수집완료
20240927 수집완료
20240928 수집완료
20240929 수집완료
20240930 수집완료
20241001 수집완료
20241002 수집완료
20241003 수집완료
20241004 수집완료
20241005 수집완료
20241006 수집완료
20241007 수집완료
20241008 수집완료
20241009 수집완료
20241010 수집완료
20241011 수집완료
20241012 수집완료
20241013 수집완료
20241014 수집완료
20241015 수집완료
20241016 수집완료
20241017 수집완료
20241018 수집완료
20241019 수집완료
20241020 수집완료
20241021 수집완료
20241022 수집완료
20241023 수집완료
20241024 수집완료
20241025 수집완료
20241026 수집완료
20241027 수집완료
20241028 수집완료
20241029 수집완료
20241030 수집완료
20241031 수집완료
20241101 수집완료
20241102 수집완료
20241103 수집완료
20241104 수집완료
20241105 수집완료
20241106 수집완료
20241107 수집완료
20241108 수집완료
20241109 수집완료
20241110 수집완료
20241111 수집완료
20241112 수집완료
20241113 수집완료
20241114 수집완료
20241115 수집완료
20241116 수집완료
20241117 수집완료
20241118 수집완료
20241119 수집완료
20241120 수집완료
20241121 수집완료
20241122 수집완료
20241123 수집완료
20241124 수집완료
20241125 수집완료
20241126 수집완료
20241127 수집완료
20241128 수집완료
20241129 수집완료
20241130 수집완료
20241201 수집완료
20241202 수집완료
20241203 수집완료
20241204 수집완료
20241205 수집완료
20241206 수집완료
20241207 수집완료
20241208 수집완료
20241209 수집완료
20241210 수집완료
20241211 수집완료
20241212 수집완료
20241213 수집완료
20241214 수집완료
20241215 수집완료
20241216 수집완료
20241217 수집완료
20241218 수집완료
20241219 수집완료
20241220 수집완료
20241221 수집완료
20241222 수집완료
20241223 수집완료
20241224 수집완료
20241225 수집완료
20241226 수집완료
20241227 수집완료
20241228 수집완료
20241229 수집완료
20241230 수집완료
20241231 수집완료
         TM  STN  WS_AVG  WR_DAY  WD_MAX  ...  TE_05  TE_10  TE_15  TE_30  TE_50
0  20240101   90     1.0     900      14  ...  -99.0  -99.0  -99.0  -99.0  -99.0
1  20240101   93     0.6     501      23  ...    1.2    4.8    8.7   15.5   17.5
2  20240101   95     0.7     570      20  ...  -99.0  -99.0  -99.0  -99.0  -99.0
3  20240101   98     0.8     673      18  ...  -99.0  -99.0  -99.0  -99.0  -99.0
4  20240101   99     0.6     540      27  ...  -99.0  -99.0  -99.0  -99.0  -99.0

[5 rows x 56 columns]
20250101 수집완료
20250102 수집완료
20250103 수집완료
20250104 수집완료
20250105 수집완료
20250106 수집완료
20250107 수집완료
20250108 수집완료
20250109 수집완료
20250110 수집완료
20250111 수집완료
20250112 수집완료
20250113 수집완료
20250114 수집완료
20250115 수집완료
20250116 수집완료
20250117 수집완료
20250118 수집완료
20250119 수집완료
20250120 수집완료
20250121 수집완료
20250122 수집완료
20250123 수집완료
20250124 수집완료
20250125 수집완료
20250126 수집완료
20250127 수집완료
20250128 수집완료
20250129 수집완료
20250130 수집완료
20250131 수집완료
20250201 수집완료
20250202 수집완료
20250203 수집완료
20250204 수집완료
20250205 수집완료
20250206 수집완료
20250207 수집완료
20250208 수집완료
20250209 수집완료
20250210 수집완료
20250211 수집완료
20250212 수집완료
20250213 수집완료
20250214 수집완료
20250215 수집완료
20250216 수집완료
20250217 수집완료
20250218 수집완료
20250219 수집완료
20250220 수집완료
20250221 수집완료
20250222 수집완료
20250223 수집완료
20250224 수집완료
20250225 수집완료
20250226 수집완료
20250227 수집완료
20250228 수집완료
20250301 수집완료
20250302 수집완료
20250303 수집완료
20250304 수집완료
20250305 수집완료
20250306 수집완료
20250307 수집완료
20250308 수집완료
20250309 수집완료
20250310 수집완료
20250311 수집완료
20250312 수집완료
20250313 수집완료
20250314 수집완료
20250315 수집완료
20250316 수집완료
20250317 수집완료
20250318 수집완료
20250319 수집완료
20250320 수집완료
20250321 수집완료
20250322 수집완료
20250323 수집완료
20250324 수집완료
20250325 수집완료
20250326 수집완료
20250327 수집완료
20250328 수집완료
20250329 수집완료
20250330 수집완료
20250331 수집완료
20250401 수집완료
20250402 수집완료
20250403 수집완료
20250404 수집완료
20250405 수집완료
20250406 수집완료
20250407 수집완료
20250408 수집완료
20250409 수집완료
20250410 수집완료
20250411 수집완료
20250412 수집완료
20250413 수집완료
20250414 수집완료
20250415 수집완료
20250416 수집완료
20250417 수집완료
20250418 수집완료
20250419 수집완료
20250420 수집완료
20250421 수집완료
20250422 수집완료
20250423 수집완료
20250424 수집완료
20250425 수집완료
20250426 수집완료
20250427 수집완료
20250428 수집완료
20250429 수집완료
20250430 수집완료
20250501 수집완료
20250502 수집완료
20250503 수집완료
20250504 수집완료
20250505 수집완료
20250506 수집완료
20250507 수집완료
20250508 수집완료
20250509 수집완료
20250510 수집완료
20250511 수집완료
20250512 수집완료
20250513 수집완료
20250514 수집완료
20250515 수집완료
20250516 수집완료
20250517 수집완료
20250518 수집완료
20250519 수집완료
20250520 수집완료
20250521 수집완료
20250522 수집완료
20250523 수집완료
20250524 수집완료
20250525 수집완료
20250526 수집완료
20250527 수집완료
20250528 수집완료
20250529 수집완료
20250530 수집완료
20250531 수집완료
20250601 수집완료
20250602 수집완료
20250603 수집완료
20250604 수집완료
20250605 수집완료
20250606 수집완료
20250607 수집완료
20250608 수집완료
20250609 수집완료
20250610 수집완료
20250611 수집완료
20250612 수집완료
20250613 수집완료
20250614 수집완료
20250615 수집완료
20250616 수집완료
20250617 수집완료
20250618 수집완료
20250619 수집완료
20250620 수집완료
20250621 수집완료
20250622 수집완료
20250623 수집완료
20250624 수집완료
20250625 수집완료
20250626 수집완료
20250627 수집완료
20250628 수집완료
20250629 수집완료
20250630 수집완료
20250701 수집완료
20250702 수집완료
20250703 수집완료
20250704 수집완료
20250705 수집완료
20250706 수집완료
20250707 수집완료
20250708 수집완료
20250709 수집완료
20250710 수집완료
20250711 수집완료
20250712 수집완료
20250713 수집완료
20250714 수집완료
20250715 수집완료
20250716 수집완료
20250717 수집완료
20250718 수집완료
20250719 수집완료
20250720 수집완료
20250721 수집완료
20250722 수집완료
20250723 수집완료
20250724 수집완료
20250725 수집완료
20250726 수집완료
20250727 수집완료
20250728 수집완료
20250729 수집완료
20250730 수집완료
20250731 수집완료
20250801 수집완료
20250802 수집완료
20250803 수집완료
20250804 수집완료
20250805 수집완료
20250806 수집완료
20250807 수집완료
20250808 수집완료
20250809 수집완료
20250810 수집완료
20250811 수집완료
20250812 수집완료
20250813 수집완료
20250814 수집완료
20250815 수집완료
20250816 수집완료
20250817 수집완료
20250818 수집완료
20250819 수집완료
20250820 수집완료
20250821 수집완료
20250822 수집완료
20250823 수집완료
20250824 수집완료
20250825 수집완료
20250826 수집완료
20250827 수집완료
20250828 수집완료
20250829 수집완료
20250830 수집완료
20250831 수집완료
20250901 수집완료
20250902 수집완료
20250903 수집완료
20250904 수집완료
20250905 수집완료
20250906 수집완료
20250907 수집완료
20250908 수집완료
20250909 수집완료
20250910 수집완료
20250911 수집완료
20250912 수집완료
20250913 수집완료
20250914 수집완료
20250915 수집완료
20250916 수집완료
20250917 수집완료
20250918 수집완료
20250919 수집완료
20250920 수집완료
20250921 수집완료
20250922 수집완료
20250923 수집완료
20250924 수집완료
20250925 수집완료
20250926 수집완료
20250927 수집완료
20250928 수집완료
20250929 수집완료
20250930 수집완료
20251001 수집완료
20251002 수집완료
20251003 수집완료
20251004 수집완료
20251005 수집완료
20251006 수집완료
20251007 수집완료
20251008 수집완료
20251009 수집완료
20251010 수집완료
20251011 수집완료
20251012 수집완료
20251013 수집완료
20251014 수집완료
20251015 수집완료
20251016 수집완료
20251017 수집완료
20251018 수집완료
20251019 수집완료
20251020 수집완료
20251021 수집완료
20251022 수집완료
20251023 수집완료
20251024 수집완료
20251025 수집완료
20251026 수집완료
20251027 수집완료
20251028 수집완료
20251029 수집완료
20251030 수집완료
20251031 수집완료
20251101 수집완료
20251102 수집완료
20251103 수집완료
20251104 수집완료
20251105 수집완료
20251106 수집완료
20251107 수집완료
20251108 수집완료
20251109 수집완료
20251110 수집완료
20251111 수집완료
20251112 수집완료
20251113 수집완료
20251114 수집완료
20251115 수집완료
20251116 수집완료
20251117 수집완료
20251118 수집완료
20251119 수집완료
20251120 수집완료
20251121 수집완료
20251122 수집완료
20251123 수집완료
20251124 수집완료
20251125 수집완료
20251126 수집완료
20251127 수집완료
20251128 수집완료
20251129 수집완료
20251130 수집완료
20251201 수집완료
20251202 수집완료
20251203 수집완료
20251204 수집완료
20251205 수집완료
20251206 수집완료
20251207 수집완료
20251208 수집완료
20251209 수집완료
20251210 수집완료
20251211 수집완료
20251212 수집완료
20251213 수집완료
20251214 수집완료
20251215 수집완료
20251216 수집완료
20251217 수집완료
20251218 수집완료
20251219 수집완료
20251220 수집완료
20251221 수집완료
20251222 수집완료
20251223 수집완료
20251224 수집완료
20251225 수집완료
20251226 수집완료
20251227 수집완료
20251228 수집완료
20251229 수집완료
20251230 수집완료
20251231 수집완료
         TM  STN  WS_AVG  WR_DAY  WD_MAX  ...  TE_05  TE_10  TE_15  TE_30  TE_50
0  20250101   90     3.3    2866      29  ...  -99.0  -99.0  -99.0  -99.0  -99.0
1  20250101   93     0.8     717      23  ...    1.6    5.3    9.6   16.7   18.5
2  20250101   95     1.0     823      23  ...  -99.0  -99.0  -99.0  -99.0  -99.0
3  20250101   98     0.9     736      29  ...  -99.0  -99.0  -99.0  -99.0  -99.0
4  20250101   99     0.8     650      32  ...  -99.0  -99.0  -99.0  -99.0  -99.0

[5 rows x 56 columns]
20230101 수집완료
20230102 수집완료
20230103 수집완료
20230104 수집완료
20230105 수집완료
20230106 수집완료
20230107 수집완료
20230108 수집완료
20230109 수집완료
20230110 수집완료
20230111 수집완료
20230112 수집완료
20230113 수집완료
20230114 수집완료
20230115 수집완료
20230116 수집완료
20230117 수집완료
20230118 수집완료
20230119 수집완료
20230120 수집완료
20230121 수집완료
20230122 수집완료
20230123 수집완료
20230124 수집완료
20230125 수집완료
20230126 수집완료
20230127 수집완료
20230128 수집완료
20230129 수집완료
20230130 수집완료
20230131 수집완료
20230201 수집완료
20230202 수집완료
20230203 수집완료
20230204 수집완료
20230205 수집완료
20230206 수집완료
Traceback (most recent call last):
  File "collect_weather.py", line 61, in <module>
    result = get_weather_data_range("20230101", "20231231")
  File "collect_weather.py", line 51, in get_weather_data_range
    df =get_weather_data(date)
  File "collect_weather.py", line 24, in get_weather_data
    response = requests.get(url)
  File "/home/maria_dev/.local/lib/python3.6/site-packages/requests/api.py", line 75, in get
    return request('get', url, params=params, **kwargs)
  File "/home/maria_dev/.local/lib/python3.6/site-packages/requests/api.py", line 61, in request
    return session.request(method=method, url=url, **kwargs)
  File "/home/maria_dev/.local/lib/python3.6/site-packages/requests/sessions.py", line 529, in request
    resp = self.send(prep, **send_kwargs)
  File "/home/maria_dev/.local/lib/python3.6/site-packages/requests/sessions.py", line 645, in send
    r = adapter.send(request, **kwargs)
  File "/home/maria_dev/.local/lib/python3.6/site-packages/requests/adapters.py", line 450, in send
    timeout=timeout
  File "/home/maria_dev/.local/lib/python3.6/site-packages/urllib3/connectionpool.py", line 723, in urlopen
    chunked=chunked,
  File "/home/maria_dev/.local/lib/python3.6/site-packages/urllib3/connectionpool.py", line 404, in _make_request
    self._validate_conn(conn)
  File "/home/maria_dev/.local/lib/python3.6/site-packages/urllib3/connectionpool.py", line 1061, in _validate_conn
    conn.connect()
  File "/home/maria_dev/.local/lib/python3.6/site-packages/urllib3/connection.py", line 363, in connect
    self.sock = conn = self._new_conn()
  File "/home/maria_dev/.local/lib/python3.6/site-packages/urllib3/connection.py", line 175, in _new_conn
    (self._dns_host, self.port), self.timeout, **extra_kw
  File "/home/maria_dev/.local/lib/python3.6/site-packages/urllib3/util/connection.py", line 85, in create_connection
    sock.connect(sa)
KeyboardInterrupt
20230101 수집완료
20230102 수집완료
20230103 수집완료
20230104 수집완료
20230105 수집완료
20230106 수집완료
20230107 수집완료
20230108 수집완료
20230109 수집완료
20230110 수집완료
20230111 수집완료
20230112 수집완료
20230113 수집완료
20230114 수집완료
20230115 수집완료
20230116 수집완료
20230117 수집완료
20230118 수집완료
20230119 수집완료
20230120 수집완료
20230121 수집완료
20230122 수집완료
20230123 수집완료
20230124 수집완료
20230125 수집완료
20230126 수집완료
20230127 수집완료
20230128 수집완료
20230129 수집완료
20230130 수집완료
20230131 수집완료
20230201 수집완료
20230202 수집완료
20230203 수집완료
20230204 수집완료
20230205 수집완료
20230206 수집완료
20230207 수집완료
20230208 수집완료
20230209 수집완료
20230210 수집완료
20230211 수집완료
20230212 수집완료
20230213 수집완료
20230214 수집완료
20230215 수집완료
20230216 수집완료
20230217 수집완료
20230218 수집완료
20230219 수집완료
20230220 수집완료
20230221 수집완료
20230222 수집완료
20230223 수집완료
20230224 수집완료
20230225 수집완료
20230226 수집완료
20230227 수집완료
20230228 수집완료
20230301 수집완료
20230302 수집완료
20230303 수집완료
20230304 수집완료
20230305 수집완료
20230306 수집완료
20230307 수집완료
20230308 수집완료
20230309 수집완료
20230310 수집완료
20230311 수집완료
20230312 수집완료
20230313 수집완료
20230314 수집완료
20230315 수집완료
20230316 수집완료
20230317 수집완료
20230318 수집완료
20230319 수집완료
20230320 수집완료
20230321 수집완료
20230322 수집완료
20230323 수집완료
20230324 수집완료
20230325 수집완료
20230326 수집완료
20230327 수집완료
20230328 수집완료
20230329 수집완료
20230330 수집완료
20230331 수집완료
20230401 수집완료
20230402 수집완료
20230403 수집완료
20230404 수집완료
20230405 수집완료
20230406 수집완료
20230407 수집완료
20230408 수집완료
20230409 수집완료
20230410 수집완료
20230411 수집완료
20230412 수집완료
20230413 수집완료
20230414 수집완료
20230415 수집완료
20230416 수집완료
20230417 수집완료
20230418 수집완료
20230419 수집완료
20230420 수집완료
20230421 수집완료
20230422 수집완료
20230423 수집완료
20230424 수집완료
20230425 수집완료
20230426 수집완료
20230427 수집완료
20230428 수집완료
20230429 수집완료
20230430 수집완료
20230501 수집완료
20230502 수집완료
20230503 수집완료
20230504 수집완료
20230505 수집완료
20230506 수집완료
20230507 수집완료
20230508 수집완료
20230509 수집완료
20230510 수집완료
20230511 수집완료
20230512 수집완료
20230513 수집완료
20230514 수집완료
20230515 수집완료
20230516 수집완료
20230517 수집완료
20230518 수집완료
20230519 수집완료
20230520 수집완료
20230521 수집완료
20230522 수집완료
20230523 수집완료
20230524 수집완료
20230525 수집완료
20230526 수집완료
20230527 수집완료
20230528 수집완료
20230529 수집완료
20230530 수집완료
20230531 수집완료
20230601 수집완료
20230602 수집완료
20230603 수집완료
20230604 수집완료
20230605 수집완료
20230606 수집완료
20230607 수집완료
20230608 수집완료
20230609 수집완료
20230610 수집완료
20230611 수집완료
20230612 수집완료
20230613 수집완료
20230614 수집완료
20230615 수집완료
20230616 수집완료
20230617 수집완료
20230618 수집완료
20230619 수집완료
20230620 수집완료
20230621 수집완료
20230622 수집완료
20230623 수집완료
20230624 수집완료
20230625 수집완료
20230626 수집완료
20230627 수집완료
20230628 수집완료
20230629 수집완료
20230630 수집완료
20230701 수집완료
20230702 수집완료
20230703 수집완료
20230704 수집완료
20230705 수집완료
20230706 수집완료
20230707 수집완료
20230708 수집완료
20230709 수집완료
20230710 수집완료
20230711 수집완료
20230712 수집완료
20230713 수집완료
20230714 수집완료
20230715 수집완료
20230716 수집완료
20230717 수집완료
20230718 수집완료
20230719 수집완료
20230720 수집완료
20230721 수집완료
20230722 수집완료
20230723 수집완료
20230724 수집완료
20230725 수집완료
20230726 수집완료
20230727 수집완료
20230728 수집완료
20230729 수집완료
20230730 수집완료
20230731 수집완료
20230801 수집완료
20230802 수집완료
20230803 수집완료
20230804 수집완료
20230805 수집완료
20230806 수집완료
20230807 수집완료
20230808 수집완료
20230809 수집완료
20230810 수집완료
20230811 수집완료
20230812 수집완료
20230813 수집완료
20230814 수집완료
20230815 수집완료
20230816 수집완료
20230817 수집완료
20230818 수집완료
20230819 수집완료
20230820 수집완료
20230821 수집완료
20230822 수집완료
20230823 수집완료
20230824 수집완료
20230825 수집완료
20230826 수집완료
20230827 수집완료
20230828 수집완료
20230829 수집완료
20230830 수집완료
20230831 수집완료
20230901 수집완료
20230902 수집완료
20230903 수집완료
20230904 수집완료
20230905 수집완료
20230906 수집완료
20230907 수집완료
20230908 수집완료
20230909 수집완료
20230910 수집완료
20230911 수집완료
20230912 수집완료
20230913 수집완료
20230914 수집완료
20230915 수집완료
20230916 수집완료
20230917 수집완료
20230918 수집완료
20230919 수집완료
20230920 수집완료
20230921 수집완료
20230922 수집완료
20230923 수집완료
20230924 수집완료
20230925 수집완료
20230926 수집완료
20230927 수집완료
20230928 수집완료
20230929 수집완료
20230930 수집완료
20231001 수집완료
20231002 수집완료
20231003 수집완료
20231004 수집완료
20231005 수집완료
20231006 수집완료
20231007 수집완료
20231008 수집완료
20231009 수집완료
20231010 수집완료
20231011 수집완료
20231012 수집완료
20231013 수집완료
20231014 수집완료
20231015 수집완료
20231016 수집완료
20231017 수집완료
20231018 수집완료
20231019 수집완료
20231020 수집완료
20231021 수집완료
20231022 수집완료
20231023 수집완료
20231024 수집완료
20231025 수집완료
20231026 수집완료
20231027 수집완료
20231028 수집완료
20231029 수집완료
20231030 수집완료
20231031 수집완료
20231101 수집완료
20231102 수집완료
20231103 수집완료
20231104 수집완료
20231105 수집완료
20231106 수집완료
20231107 수집완료
20231108 수집완료
20231109 수집완료
20231110 수집완료
20231111 수집완료
20231112 수집완료
20231113 수집완료
20231114 수집완료
20231115 수집완료
20231116 수집완료
20231117 수집완료
20231118 수집완료
20231119 수집완료
20231120 수집완료
20231121 수집완료
20231122 수집완료
20231123 수집완료
20231124 수집완료
20231125 수집완료
20231126 수집완료
20231127 수집완료
20231128 수집완료
20231129 수집완료
20231130 수집완료
20231201 수집완료
20231202 수집완료
20231203 수집완료
20231204 수집완료
20231205 수집완료
20231206 수집완료
20231207 수집완료
20231208 수집완료
20231209 수집완료
20231210 수집완료
20231211 수집완료
20231212 수집완료
20231213 수집완료
20231214 수집완료
20231215 수집완료
20231216 수집완료
20231217 수집완료
20231218 수집완료
20231219 수집완료
20231220 수집완료
20231221 수집완료
20231222 수집완료
20231223 수집완료
20231224 수집완료
20231225 수집완료
20231226 수집완료
20231227 수집완료
20231228 수집완료
20231229 수집완료
20231230 수집완료
20231231 수집완료
         TM  STN  WS_AVG  WR_DAY  WD_MAX  ...  TE_05  TE_10  TE_15  TE_30  TE_50
0  20230101   90     3.0    2583      29  ...  -99.0  -99.0  -99.0  -99.0  -99.0
1  20230101   93     1.3    1113      29  ...    1.3    5.1    8.6   15.4   17.3
2  20230101   95     1.1     987      20  ...  -99.0  -99.0  -99.0  -99.0  -99.0
3  20230101   98     1.2    1007      29  ...  -99.0  -99.0  -99.0  -99.0  -99.0
4  20230101   99     0.9     816      32  ...  -99.0  -99.0  -99.0  -99.0  -99.0

[5 rows x 56 columns]
20230101 수집완료
20230102 수집완료
20230103 수집완료
20230104 수집완료
20230105 수집완료
20230106 수집완료
20230107 수집완료
20230108 수집완료
20230109 수집완료
20230110 수집완료
20230111 수집완료
20230112 수집완료
20230113 수집완료
20230114 수집완료
20230115 수집완료
20230116 수집완료
20230117 수집완료
20230118 수집완료
20230119 수집완료
20230120 수집완료
20230121 수집완료
20230122 수집완료
20230123 수집완료
20230124 수집완료
20230125 수집완료
20230126 수집완료
20230127 수집완료
20230128 수집완료
20230129 수집완료
20230130 수집완료
20230131 수집완료
20230201 수집완료
20230202 수집완료
20230203 수집완료
20230204 수집완료
20230205 수집완료
20230206 수집완료
20230207 수집완료
20230208 수집완료
20230209 수집완료
20230210 수집완료
20230211 수집완료
20230212 수집완료
20230213 수집완료
20230214 수집완료
20230215 수집완료
20230216 수집완료
20230217 수집완료
20230218 수집완료
20230219 수집완료
20230220 수집완료
20230221 수집완료
20230222 수집완료
20230223 수집완료
20230224 수집완료
20230225 수집완료
20230226 수집완료
20230227 수집완료
20230228 수집완료
20230301 수집완료
20230302 수집완료
20230303 수집완료
20230304 수집완료
20230305 수집완료
20230306 수집완료
20230307 수집완료
20230308 수집완료
20230309 수집완료
20230310 수집완료
20230311 수집완료
20230312 수집완료
20230313 수집완료
20230314 수집완료
20230315 수집완료
20230316 수집완료
20230317 수집완료
20230318 수집완료
20230319 수집완료
20230320 수집완료
20230321 수집완료
20230322 수집완료
20230323 수집완료
20230324 수집완료
20230325 수집완료
20230326 수집완료
20230327 수집완료
20230328 수집완료
20230329 수집완료
20230330 수집완료
20230331 수집완료
20230401 수집완료
20230402 수집완료
20230403 수집완료
20230404 수집완료
20230405 수집완료
20230406 수집완료
20230407 수집완료
20230408 수집완료
20230409 수집완료
20230410 수집완료
20230411 수집완료
20230412 수집완료
20230413 수집완료
20230414 수집완료
20230415 수집완료
20230416 수집완료
20230417 수집완료
20230418 수집완료
20230419 수집완료
20230420 수집완료
20230421 수집완료
20230422 수집완료
20230423 수집완료
20230424 수집완료
20230425 수집완료
20230426 수집완료
20230427 수집완료
20230428 수집완료
20230429 수집완료
20230430 수집완료
20230501 수집완료
20230502 수집완료
20230503 수집완료
20230504 수집완료
20230505 수집완료
20230506 수집완료
20230507 수집완료
20230508 수집완료
20230509 수집완료
20230510 수집완료
20230511 수집완료
20230512 수집완료
20230513 수집완료
20230514 수집완료
20230515 수집완료
20230516 수집완료
20230517 수집완료
20230518 수집완료
20230519 수집완료
20230520 수집완료
20230521 수집완료
20230522 수집완료
20230523 수집완료
20230524 수집완료
20230525 수집완료
20230526 수집완료
20230527 수집완료
20230528 수집완료
20230529 수집완료
20230530 수집완료
20230531 수집완료
20230601 수집완료
20230602 수집완료
20230603 수집완료
20230604 수집완료
20230605 수집완료
20230606 수집완료
20230607 수집완료
20230608 수집완료
20230609 수집완료
20230610 수집완료
20230611 수집완료
20230612 수집완료
20230613 수집완료
20230614 수집완료
20230615 수집완료
20230616 수집완료
20230617 수집완료
20230618 수집완료
20230619 수집완료
20230620 수집완료
20230621 수집완료
20230622 수집완료
20230623 수집완료
20230624 수집완료
20230625 수집완료
20230626 수집완료
20230627 수집완료
20230628 수집완료
20230629 수집완료
20230630 수집완료
20230701 수집완료
20230702 수집완료
20230703 수집완료
20230704 수집완료
20230705 수집완료
20230706 수집완료
20230707 수집완료
20230708 수집완료
20230709 수집완료
20230710 수집완료
20230711 수집완료
20230712 수집완료
20230713 수집완료
20230714 수집완료
20230715 수집완료
20230716 수집완료
20230717 수집완료
20230718 수집완료
20230719 수집완료
20230720 수집완료
20230721 수집완료
20230722 수집완료
20230723 수집완료
20230724 수집완료
20230725 수집완료
20230726 수집완료
20230727 수집완료
20230728 수집완료
20230729 수집완료
20230730 수집완료
20230731 수집완료
20230801 수집완료
20230802 수집완료
20230803 수집완료
20230804 수집완료
20230805 수집완료
20230806 수집완료
20230807 수집완료
20230808 수집완료
20230809 수집완료
20230810 수집완료
20230811 수집완료
20230812 수집완료
20230813 수집완료
20230814 수집완료
20230815 수집완료
20230816 수집완료
20230817 수집완료
20230818 수집완료
20230819 수집완료
20230820 수집완료
20230821 수집완료
20230822 수집완료
20230823 수집완료
20230824 수집완료
20230825 수집완료
20230826 수집완료
20230827 수집완료
20230828 수집완료
20230829 수집완료
20230830 수집완료
20230831 수집완료
20230901 수집완료
20230902 수집완료
20230903 수집완료
20230904 수집완료
20230905 수집완료
20230906 수집완료
20230907 수집완료
20230908 수집완료
20230909 수집완료
20230910 수집완료
20230911 수집완료
20230912 수집완료
20230913 수집완료
20230914 수집완료
20230915 수집완료
20230916 수집완료
20230917 수집완료
20230918 수집완료
20230919 수집완료
20230920 수집완료
20230921 수집완료
20230922 수집완료
20230923 수집완료
20230924 수집완료
20230925 수집완료
20230926 수집완료
20230927 수집완료
20230928 수집완료
20230929 수집완료
20230930 수집완료
20231001 수집완료
20231002 수집완료
20231003 수집완료
20231004 수집완료
20231005 수집완료
20231006 수집완료
20231007 수집완료
20231008 수집완료
20231009 수집완료
20231010 수집완료
20231011 수집완료
20231012 수집완료
20231013 수집완료
20231014 수집완료
20231015 수집완료
20231016 수집완료
20231017 수집완료
20231018 수집완료
20231019 수집완료
20231020 수집완료
20231021 수집완료
20231022 수집완료
20231023 수집완료
20231024 수집완료
20231025 수집완료
20231026 수집완료
20231027 수집완료
20231028 수집완료
20231029 수집완료
20231030 수집완료
20231031 수집완료
20231101 수집완료
20231102 수집완료
20231103 수집완료
20231104 수집완료
20231105 수집완료
20231106 수집완료
20231107 수집완료
20231108 수집완료
20231109 수집완료
20231110 수집완료
20231111 수집완료
20231112 수집완료
20231113 수집완료
20231114 수집완료
20231115 수집완료
20231116 수집완료
20231117 수집완료
20231118 수집완료
20231119 수집완료
20231120 수집완료
20231121 수집완료
20231122 수집완료
20231123 수집완료
20231124 수집완료
20231125 수집완료
20231126 수집완료
20231127 수집완료
20231128 수집완료
20231129 수집완료
20231130 수집완료
20231201 수집완료
20231202 수집완료
20231203 수집완료
20231204 수집완료
20231205 수집완료
20231206 수집완료
20231207 수집완료
20231208 수집완료
20231209 수집완료
20231210 수집완료
20231211 수집완료
20231212 수집완료
20231213 수집완료
20231214 수집완료
20231215 수집완료
20231216 수집완료
20231217 수집완료
20231218 수집완료
20231219 수집완료
20231220 수집완료
20231221 수집완료
20231222 수집완료
20231223 수집완료
20231224 수집완료
20231225 수집완료
20231226 수집완료
20231227 수집완료
20231228 수집완료
20231229 수집완료
20231230 수집완료
20231231 수집완료
         TM  STN  WS_AVG  WR_DAY  WD_MAX  ...  TE_05  TE_10  TE_15  TE_30  TE_50
0  20230101   90     3.0    2583      29  ...  -99.0  -99.0  -99.0  -99.0  -99.0
1  20230101   93     1.3    1113      29  ...    1.3    5.1    8.6   15.4   17.3
2  20230101   95     1.1     987      20  ...  -99.0  -99.0  -99.0  -99.0  -99.0
3  20230101   98     1.2    1007      29  ...  -99.0  -99.0  -99.0  -99.0  -99.0
4  20230101   99     0.9     816      32  ...  -99.0  -99.0  -99.0  -99.0  -99.0

[5 rows x 56 columns]
